<?xml version="1.0" encoding="UTF-8"?>
<!-- Generated by org.testng.reporters.JUnitReportReporter -->
<testsuite skipped="0" hostname="Ravi" name="runner.Runner" tests="2" failures="0" timestamp="2021-06-17T14:37:38 IST" time="0.937" errors="0">
  <testcase name="feature" time="0.037" classname="runner.Runner"/>
  <system-out/>
  <testcase name="feature" time="0.900" classname="runner.Runner"/>
  <system-out/>
</testsuite> <!-- runner.Runner -->
